[0m16:47:18.171664 [debug] [MainThread]: Sending event: {'category': 'dbt', 'action': 'invocation', 'label': 'start', 'context': [<snowplow_tracker.self_describing_json.SelfDescribingJson object at 0x000002951F961250>, <snowplow_tracker.self_describing_json.SelfDescribingJson object at 0x000002951F95BF90>, <snowplow_tracker.self_describing_json.SelfDescribingJson object at 0x000002951F960D10>]}


============================== 16:47:18.187359 | 12083d4a-0e56-41ef-b689-12d53312adb7 ==============================
[0m16:47:18.187359 [info ] [MainThread]: Running with dbt=1.5.1
[0m16:47:18.187359 [debug] [MainThread]: running dbt with arguments {'printer_width': '80', 'indirect_selection': 'eager', 'log_cache_events': 'False', 'write_json': 'True', 'partial_parse': 'True', 'cache_selected_only': 'False', 'profiles_dir': 'C:\\Users\\tzonevar\\.dbt', 'debug': 'False', 'version_check': 'True', 'log_path': 'logs', 'warn_error': 'None', 'fail_fast': 'False', 'use_colors': 'True', 'use_experimental_parser': 'False', 'no_print': 'None', 'quiet': 'False', 'warn_error_options': 'WarnErrorOptions(include=[], exclude=[])', 'static_parser': 'True', 'introspect': 'True', 'log_format': 'default', 'target_path': 'None', 'send_anonymous_usage_stats': 'True'}
[0m16:47:18.187359 [warn ] [MainThread]: [ConfigFolderDirectory]: Unable to parse dict {'dir': WindowsPath('C:/Users/tzonevar/.dbt')}
[0m16:47:18.187359 [info ] [MainThread]: Creating dbt configuration folder at 
[0m16:47:24.470482 [debug] [MainThread]: Starter project path: C:\Users\tzonevar\.conda\envs\dbt_env\Lib\site-packages\dbt\include\starter_project
[0m16:49:10.525919 [info ] [MainThread]: Profile my_dbt_project written to C:\Users\tzonevar\.dbt\profiles.yml using target's profile_template.yml and your supplied values. Run 'dbt debug' to validate the connection.
[0m16:49:10.525919 [info ] [MainThread]: 
Your new dbt project "my_dbt_project" was created!

For more information on how to configure the profiles.yml file,
please consult the dbt documentation here:

  https://docs.getdbt.com/docs/configure-your-profile

One more thing:

Need help? Don't hesitate to reach out to us via GitHub issues or on Slack:

  https://community.getdbt.com/

Happy modeling!

[0m16:49:10.525919 [debug] [MainThread]: Command `dbt init` succeeded at 16:49:10.525919 after 112.39 seconds
[0m16:49:10.525919 [debug] [MainThread]: Sending event: {'category': 'dbt', 'action': 'invocation', 'label': 'end', 'context': [<snowplow_tracker.self_describing_json.SelfDescribingJson object at 0x000002951F965890>, <snowplow_tracker.self_describing_json.SelfDescribingJson object at 0x000002951AD4F5D0>, <snowplow_tracker.self_describing_json.SelfDescribingJson object at 0x000002951EAE9B50>]}
[0m16:49:10.525919 [debug] [MainThread]: Flushing usage events
